<?xml version="1.0" encoding="UTF-8"?>
<testsuite xmlns:xsi="http://www.w3.org/2001/XMLSchema-instance" xsi:schemaLocation="https://maven.apache.org/surefire/maven-surefire-plugin/xsd/surefire-test-report.xsd" name="TestSuite" time="87.223" tests="5" errors="0" skipped="0" failures="2">
  <properties>
[...]
</properties>
  <testcase name="searchResultInGoogle" classname="com.MavenSelenium.product.google.GoogleHome" time="0.009"/>
  <testcase name="searchStringInGoogle" classname="com.MavenSelenium.product.google.GoogleHome" time="0"/>
  <testcase name="testingFirefoxScript" classname="com.MavenSelenium.product.google.GoogleHome" time="28.403">
    <failure message="Radical selenium tab not present   expected [true] but found [false]" type="java.lang.AssertionError">java.lang.AssertionError: Radical selenium tab not present   expected [true] but found [false]
	at com.MavenSelenium.product.google.GoogleHome.testingFirefoxScript(GoogleHome.java:64)
</failure>
    <system-out><![CDATA[Radical selenium tab not present
]]></system-out>
    <system-err><![CDATA[1543377809564	geckodriver	INFO	geckodriver 0.18.0
1543377809572	geckodriver	INFO	Listening on 127.0.0.1:32809
1543377810283	geckodriver::marionette	INFO	Starting browser C:\Program Files\Mozilla Firefox\firefox.exe with args ["-marionette"]
[GFX1]: Potential driver version mismatch ignored due to missing DLLs 0.0.0.0 and 0.0.0.0
[GFX1]: Potential driver version mismatch ignored due to missing DLLs 0.0.0.0 and 0.0.0.0
1543377812479	Marionette	INFO	Listening on port 59659
[GPU 15660] WARNING: pipe error: 109: file c:/builds/moz2_slave/m-rel-w64-00000000000000000000/build/src/ipc/chromium/src/chrome/common/ipc_channel_win.cc, line 346
Nov 28, 2018 9:33:33 AM org.openqa.selenium.remote.ProtocolHandshake createSession
INFO: Detected dialect: W3C
]]></system-err>
  </testcase>
  <testcase name="testMethod" classname="com.MavenSelenium.product.google.BasicSeleniumScript" time="41.43"/>
  <testcase name="testingFirefoxScript" classname="com.MavenSelenium.product.google.BasicSeleniumScript" time="16.706">
    <failure message="Reached error page: about:neterror?e=nssFailure2&amp;u=https%3A//www.seleniumhq.org/&amp;c=UTF-8&amp;f=regular&amp;d=The%20connection%20to%20www.seleniumhq.org%20was%20interrupted%20while%20the%20page%20was%20loading.&#10;Build info: version: &apos;3.5.2&apos;, revision: &apos;10229a9&apos;, time: &apos;2017-08-21T17:29:55.15Z&apos;&#10;System info: host: &apos;DESKTOP-EKBA8NT&apos;, ip: &apos;172.20.10.2&apos;, os.name: &apos;Windows 10&apos;, os.arch: &apos;amd64&apos;, os.version: &apos;10.0&apos;, java.version: &apos;1.8.0_91&apos;&#10;Driver info: org.openqa.selenium.firefox.FirefoxDriver&#10;Capabilities [{moz:profile=C:\Users\admin\AppData\Local\Temp\rust_mozprofile.YpLjkCgvxePs, rotatable=false, timeouts={implicit=0, pageLoad=300000, script=30000}, pageLoadStrategy=normal, platform=ANY, specificationLevel=0, moz:accessibilityChecks=false, acceptInsecureCerts=false, browserVersion=53.0.3, platformVersion=10.0, moz:processID=13520, browserName=firefox, javascriptEnabled=true, platformName=windows_nt}]&#10;Session ID: 9d1cfa53-b633-4259-835c-61d0d8edacf5" type="org.openqa.selenium.WebDriverException"><![CDATA[org.openqa.selenium.WebDriverException: 
Reached error page: about:neterror?e=nssFailure2&u=https%3A//www.seleniumhq.org/&c=UTF-8&f=regular&d=The%20connection%20to%20www.seleniumhq.org%20was%20interrupted%20while%20the%20page%20was%20loading.
Build info: version: '3.5.2', revision: '10229a9', time: '2017-08-21T17:29:55.15Z'
System info: host: 'DESKTOP-EKBA8NT', ip: '172.20.10.2', os.name: 'Windows 10', os.arch: 'amd64', os.version: '10.0', java.version: '1.8.0_91'
Driver info: org.openqa.selenium.firefox.FirefoxDriver
Capabilities [{moz:profile=C:\Users\admin\AppData\Local\Temp\rust_mozprofile.YpLjkCgvxePs, rotatable=false, timeouts={implicit=0, pageLoad=300000, script=30000}, pageLoadStrategy=normal, platform=ANY, specificationLevel=0, moz:accessibilityChecks=false, acceptInsecureCerts=false, browserVersion=53.0.3, platformVersion=10.0, moz:processID=13520, browserName=firefox, javascriptEnabled=true, platformName=windows_nt}]
Session ID: 9d1cfa53-b633-4259-835c-61d0d8edacf5
	at com.MavenSelenium.product.google.BasicSeleniumScript.testingFirefoxScript(BasicSeleniumScript.java:21)
]]></failure>
    <system-err><![CDATA[1543377879056	geckodriver	INFO	geckodriver 0.18.0
1543377879063	geckodriver	INFO	Listening on 127.0.0.1:41881
1543377879630	geckodriver::marionette	INFO	Starting browser C:\Program Files\Mozilla Firefox\firefox.exe with args ["-marionette"]
[GFX1]: Potential driver version mismatch ignored due to missing DLLs 0.0.0.0 and 0.0.0.0
[GFX1]: Potential driver version mismatch ignored due to missing DLLs 0.0.0.0 and 0.0.0.0
1543377881815	Marionette	INFO	Listening on port 59838
[GPU 3280] WARNING: pipe error: 109: file c:/builds/moz2_slave/m-rel-w64-00000000000000000000/build/src/ipc/chromium/src/chrome/common/ipc_channel_win.cc, line 346
Nov 28, 2018 9:34:42 AM org.openqa.selenium.remote.ProtocolHandshake createSession
INFO: Detected dialect: W3C
]]></system-err>
  </testcase>
</testsuite>