<?xml version="1.0" encoding="UTF-8"?>
<testng-results skipped="0" failed="0" total="2" passed="2">
  <reporter-output>
  </reporter-output>
  <suite name="Default suite" duration-ms="221" started-at="2016-08-16T14:35:05Z" finished-at="2016-08-16T14:35:05Z">
    <groups>
    </groups>
    <test name="Default test" duration-ms="221" started-at="2016-08-16T14:35:05Z" finished-at="2016-08-16T14:35:05Z">
      <class name="com.MavenSelenium.product.google.GoogleHome">
        <test-method status="PASS" signature="searchResultInGoogle()[pri:0, instance:com.MavenSelenium.product.google.GoogleHome@61832929]" name="searchResultInGoogle" duration-ms="34" started-at="2016-08-16T20:05:05Z" finished-at="2016-08-16T20:05:05Z">
          <reporter-output>
          </reporter-output>
        </test-method> <!-- searchResultInGoogle -->
        <test-method status="PASS" signature="searchStringInGoogle()[pri:0, instance:com.MavenSelenium.product.google.GoogleHome@61832929]" name="searchStringInGoogle" duration-ms="2" started-at="2016-08-16T20:05:05Z" finished-at="2016-08-16T20:05:05Z">
          <reporter-output>
          </reporter-output>
        </test-method> <!-- searchStringInGoogle -->
      </class> <!-- com.MavenSelenium.product.google.GoogleHome -->
    </test> <!-- Default test -->
  </suite> <!-- Default suite -->
</testng-results>
